68640, Immunotoxins Market Analysis => Healthcare / Biotechnology (high)
68639, Glutethimide Market Analysis => Healthcare / Pharmaceuticals (high)
68638, Duchenne Muscular Dystrophy Market Report => Healthcare / Pharmaceuticals (high)
68637, Toxoplasmosis Treatment Market Analysis => Healthcare / Pharmaceuticals (high)
68636, Blastomycosis Market Analysis => Healthcare / Pharmaceuticals (high)
68635, Pharma 4.0 Analysis Market Analysis => Healthcare / Pharmaceuticals (high)
68634, Semen Analysis Market Report => Healthcare / Diagnostics (high)
68633, Botanicals and Acupuncture Market Analysis => Healthcare / Hospitals & Healthcare Services (medium)
68632, Cri-du-chat Syndrome Treatment Market Analysis => Healthcare / Pharmaceuticals (high)
68631, Health and Weight Management Market Analysis => Healthcare / Digital Health (high)
68630, Pancrelipase Market Analysis => Healthcare / Pharmaceuticals (high)
68629, Menstrual Cramps Treatment Market Analysis => Healthcare / Pharmaceuticals (high)
68628, Olanzapine Market Analysis => Healthcare / Pharmaceuticals (high)
68627, Wilson Disease Drugs Market Analysis => Healthcare / Pharmaceuticals (high)
68626, Mumps Vaccine Analysis Market Analysis => Healthcare / Vaccines (high)
68625, Severe Combined Immunodeficiency Market Report => Healthcare / Pharmaceuticals (high)
68624, Central Lab Analysis Market Analysis => Healthcare / Diagnostics (high)
68623, Factor V Leiden Thrombophilia Treatment Analysis Report Market Analysis => Healthcare / Pharmaceuticals (high)
68622, HER2-Positive Breast Cancer Analysis Market Analysis => Healthcare / Pharmaceuticals (high)
68621, Bioprocess Filtration Market Report => Healthcare / Biotechnology (high)
68620, Duane Syndrome Treatment Market Analysis => Healthcare / Pharmaceuticals (high)
68619, Flea, Tick, and Heartworm Products Market Analysis Report 2020-2030. => Healthcare / Pharmaceuticals (high)
68618, Medical Imaging Equipment Services Market Analysis Report 2020-2030. => Healthcare / Medical Devices (high)
68617, Spina Bifida & Hydrocephalus Market Analysis => Healthcare / Medical Devices (high)
68616, Myelofibrosis Treatment Market Analysis => Healthcare / Pharmaceuticals (high)
68615, Retinitis Pigmentosa Treatment Market Analysis => Healthcare / Pharmaceuticals (high)
68614, Sterile Active Pharmaceutical Ingredients Market Analysis Report 2020-2028. => Healthcare / Pharmaceuticals (high)
68613, Dantrolene sodium Market Analysis => Healthcare / Pharmaceuticals (high)
68612, Clinical Intelligence Market Analysis => Healthcare / Digital Health (high)
68611, Ewing Sarcoma Treatment Analysis Market Analysis => Healthcare / Pharmaceuticals (high)
68610, Respiratory Pathogen Testing Kits Market Analysis Report 2020-2030. => Healthcare / Diagnostics (high)
68609, Amiodarone Hydrochloride Market Analysis => Healthcare / Pharmaceuticals (high)
68608, Ranitidine Hydrochloride Market Analysis => Healthcare / Pharmaceuticals (high)
68607, Minimally Invasive Neurosurgical Devices Market Analysis Report 2020-2030. => Healthcare / Medical Devices (high)
68606, Antibody Discovery Market Analysis => Healthcare / Biotechnology (high)
68605, Injectable Cement Analysis Market Analysis => Healthcare / Medical Devices (high)
68604, Papaverine Market Analysis => Healthcare / Pharmaceuticals (high)
68603, Medical Case Management Market Analysis => Healthcare / Hospitals & Healthcare Services (high)
68602, Iodine Deficiency Drug Market Analysis => Healthcare / Pharmaceuticals (high)
68601, Synthetic Stem Cells Market Analysis => Healthcare / Biotechnology (high)
68600, Rhabdomyosarcoma Treatment Market Analysis => Healthcare / Pharmaceuticals (high)
68599, Drug Modeling Market Analysis => Healthcare / Pharmaceuticals (high)
68598, Iron Deficiency Anemia Market Analysis => Healthcare / Pharmaceuticals (high)
68597, RTLS For Healthcare Market Analysis => Healthcare / Digital Health (high)
68596, Artificial Ligaments Market Analysis => Healthcare / Medical Devices (high)
68595, Electronic Trial Master File Market Analysis => Healthcare / Digital Health (high)
68594, Latex Allergy Market Analysis => Healthcare / Pharmaceuticals (high)
68593, Anticoccidial Drugs Market Analysis => Healthcare / Pharmaceuticals (high)
68592, Ramipril Market Analysis => Healthcare / Pharmaceuticals (high)
68591, Micro Pump Analysis Market Analysis => Healthcare / Medical Devices (high)
68590, Polychondritis Disease Treatment Market Analysis => Healthcare / Pharmaceuticals (high)
68589, Pharmaceutical Unit Dose Packaging Market Analysis Report 2020-2030. => Healthcare / Pharmaceuticals (high)
68588, Quinolones Market Analysis => Healthcare / Pharmaceuticals (high)
68587, Laser Resurfacing Market Analysis => Healthcare / Medical Devices (high)
68586, Paromomycin Sulfate Market Analysis => Healthcare / Pharmaceuticals (high)
68585, Oxygen Conservers Market Analysis => Healthcare / Medical Devices (high)
68584, Otic Drugs Analysis Market Analysis => Healthcare / Pharmaceuticals (high)
68583, Radiopharmaceuticals Market Analysis => Healthcare / Pharmaceuticals (high)
68582, Sterile Vials Market Analysis => Healthcare / Medical Devices (high)
68581, Chaple Syndrome Analysis Market Analysis => Healthcare / Diagnostics (high)
68580, Medical Social Working Services Analysis Market Analysis => Healthcare / Hospitals & Healthcare Services (high)
68579, Aicardi Syndrome Market Analysis => Healthcare / Pharmaceuticals (high)
68578, Blau Syndrome Analysis Market Analysis => Healthcare / Pharmaceuticals (high)
68577, Butylscopolamine Market Analysis => Healthcare / Pharmaceuticals (high)
68576, Nasal Spray Analysis Market Analysis => Healthcare / Pharmaceuticals (high)
68575, Orthopedic Joint Replacement Market Analysis => Healthcare / Medical Devices (high)
68574, Pharmaceuticals Lipids Market Analysis => Healthcare / Pharmaceuticals (high)
68573, Skeletal Dysplasia Analysis Market Analysis => Healthcare / Diagnostics (high)
68572, Dermatology OTC Medication Market Analysis => Healthcare / Pharmaceuticals (high)
68571, ePRO, e-Patient Diaries and eCOA Market Analysis => Healthcare / Digital Health (high)
68570, PACS and RIS Market Analysis => Healthcare / Digital Health (high)
68569, IV Poles Market Analysis => Healthcare / Medical Devices (high)
68568, Long Term Care Insurance Market Analysis => Healthcare / Hospitals & Healthcare Services (high)
68567, Cluster Headache Analysis Market Analysis => Healthcare / Pharmaceuticals (high)
68566, Diclofenamide Analysis Market Analysis => Healthcare / Pharmaceuticals (high)
68565, Menkes Syndrome Analysis Market Analysis => Healthcare / Biotechnology (high)
68564, Multi-PCR detection Market Analysis => Healthcare / Diagnostics (high)
68563, Spinal Traction Market Analysis => Healthcare / Medical Devices (high)
68562, HPV Testing & Pap Test Market Analysis => Healthcare / Diagnostics (high)
68561, Laser Aesthetics Market Analysis => Healthcare / Medical Devices (high)
68560, Dihydralazine Drugs Market Analysis => Healthcare / Pharmaceuticals (high)
68559, Facial Aesthetics Market Analysis => Healthcare / Medical Devices (high)
68558, Methylmalonic Acidemia Market Analysis => Healthcare / Pharmaceuticals (high)
68557, Sjogren’s Syndrome Market Analysis => Healthcare / Pharmaceuticals (high)
68556, Octreotide Market Analysis => Healthcare / Pharmaceuticals (high)
68555, Self-Testing Market Analysis => Healthcare / Diagnostics (high)
68554, Tele-dermatology Market Analysis => Healthcare / Digital Health (high)
68553, Cryopreservation Freezer Market Analysis => Healthcare / Medical Devices (high)
68552, Artificial Organs and Bionics Market Analysis => Healthcare / Medical Devices (high)
68551, Amlodipine Besylate Market Analysis => Healthcare / Pharmaceuticals (high)
68550, Brain Tumor Drug Market Analysis => Healthcare / Pharmaceuticals (high)
68549, Cell Harvesting Market Analysis => Healthcare / Biotechnology (high)
68548, Cryogenic Oxygen Stations Market Analysis => Healthcare / Medical Devices (high)
68547, Dengue Vaccines Market Analysis => Healthcare / Vaccines (high)
68546, Foley Catheter Market Analysis => Healthcare / Medical Devices (high)
68545, Longevity and Anti-senescence Therapy Analysis Report 2020-2030. Market Analysis => Healthcare / Pharmaceuticals (high)
68544, Hematologic Malignancies Treatment Market Analysis Report 2030. => Healthcare / Pharmaceuticals (high)
68543, Leukocytoclastic Vasculitis Market Analysis => Healthcare / Pharmaceuticals (high)
68542, Virus-Induced Asthma Treatment Market Analysis => Healthcare / Pharmaceuticals (high)
68541, Arachnoid Cysts Treatment Market Analysis => Healthcare / Pharmaceuticals (high)
68540, White Willow Bark Extract Market Analysis => Healthcare / Pharmaceuticals (high)
68539, Cough Hypersensitivity Syndrome Treatment Market Analysis Report 2020-2030. => Healthcare / Pharmaceuticals (high)
68538, Drug Delivery in Cancer Market Analysis => Healthcare / Pharmaceuticals (high)
68537, Hospital Pharmacies Market Analysis => Healthcare / Pharmaceuticals (high)
68536, Lambert-Eaton Myasthenic Syndrome Treatment Analysis Report 2020-2030. Market Analysis => Healthcare / Pharmaceuticals (high)
68535, Lassa Virus Analysis Market Analysis => Healthcare / Diagnostics (high)
68534, Long QT Syndrome Treatment Market Analysis => Healthcare / Pharmaceuticals (high)
68533, Male Breast Cancer Treatment Market Analysis => Healthcare / Pharmaceuticals (high)
68532, Medication Adherence Market Analysis => Healthcare / Pharmaceuticals (high)
68531, Optic Nerve Disorders Treatment Market Analysis => Healthcare / Pharmaceuticals (high)
68530, Ornithine Transcarbamylase Deficiency Treatment Market Analysis Report 2020-2030. => Healthcare / Pharmaceuticals (high)
68529, Phytoestrogen Supplements Market Analysis => Healthcare / Pharmaceuticals (high)
68528, Retropharyngeal Abscess Treatment Market Analysis Report 2030. => Healthcare / Pharmaceuticals (high)
68527, Sezary Syndrome Analysis Market Analysis => Healthcare / Pharmaceuticals (high)
68526, Sperm Processing Media Market Analysis => Healthcare / Medical Devices (high)
68525, Stool Secretory Immunoglobulin A Market Analysis => Healthcare / Diagnostics (high)
68524, Liver Diseases Therapeutics Market Analysis => Healthcare / Pharmaceuticals (high)
68523, Osteoporosis Drugs Market Analysis => Healthcare / Pharmaceuticals (high)
68522, Erectile Dysfunction Drugs Market Analysis => Healthcare / Pharmaceuticals (high)
68521, Anti-Osteoporosis Therapy And Fracture Healing Market Analysis Report 2030 => Healthcare / Pharmaceuticals (high)
68520, Neglected Tropical Diseases Drugs And Vaccines Market Analysis Report 2020-2030. => Healthcare / Vaccines (high)
68519, Head and Neck Cancer Therapeutics Market Analysis Report 2030 - Industry Trends and Global Forecast. => Healthcare / Pharmaceuticals (high)
68517, Idiopathic Thrombocytopenic Purpura Therapeutics Market Analysis Report 2030 => Healthcare / Pharmaceuticals (high)
68515, Superdisintegrants Market Analysis => Healthcare / Pharmaceuticals (high)
68514, Liver Cancer Drugs Market Analysis => Healthcare / Pharmaceuticals (high)
68513, Doxorubicin Market Analysis => Healthcare / Pharmaceuticals (high)
68512, Angina Pectoris Drugs Market Analysis => Healthcare / Pharmaceuticals (high)
68511, Myelodysplastic Syndrome Drugs Market Analysis => Healthcare / Pharmaceuticals (high)
68510, Myeloproliferative Disorders Drugs Market Analysis Report => Healthcare / Pharmaceuticals (high)
68509, Paroxysmal Nocturnal Hemoglobinuria Treatment Market Analysis Report 2030. => Healthcare / Pharmaceuticals (high)
68508, Cold Pain Therapy Market Analysis => Healthcare / Medical Devices (high)
68507, Gastroesophageal Reflux Disease Therapeutics Market Analysis Report => Healthcare / Pharmaceuticals (high)
68506, Radiodermatitis Market Analysis => Healthcare / Pharmaceuticals (high)
68505, Schizophrenia Drugs Market Analysis => Healthcare / Pharmaceuticals (high)
68504, Systemic Lupus Erythematosus Market Analysis => Healthcare / Pharmaceuticals (high)
68503, Allergy Diagnostics And Therapeutics Market Analysis Report 2020-2030. => Healthcare / Diagnostics (high)
68502, Anti-aging Services Market Analysis => Healthcare / Hospitals & Healthcare Services (high)
68501, Nanocapsules Market Analysis => Healthcare / Pharmaceuticals (high)
68500, Bronchitis Treatment Market Analysis => Healthcare / Pharmaceuticals (high)
68499, Kidney Cancer Drugs Market Analysis => Healthcare / Pharmaceuticals (high)
68498, Infectious Disease Therapeutics Market Analysis => Healthcare / Pharmaceuticals (high)
68497, Smoking Cessation And Nicotine De-addiction Market Analysis Report 2030-2038. => Healthcare / Pharmaceuticals (high)
68496, Pharmaceutical Cartridges Market Analysis => Healthcare / Medical Devices (high)
68495, Thalassemia Market Analysis => Healthcare / Pharmaceuticals (high)
68494, Pharmerging Market Analysis => Healthcare / Pharmaceuticals (high)
68493, Neuroendocrine Tumor Treatment Market Analysis => Healthcare / Pharmaceuticals (high)
68492, Meningococcal Vaccine Analysis Market Analysis => Healthcare / Vaccines (high)
68491, Hepatitis Therapeutics Market Analysis => Healthcare / Pharmaceuticals (high)
68490, Geriatric Medicine Market Analysis => Healthcare / Pharmaceuticals (high)
68489, Erythropoietin Drugs Market Analysis => Healthcare / Pharmaceuticals (high)
68488, Empty Capsules Market Analysis => Healthcare / Pharmaceuticals (high)
68487, Drug And Gene Delivery Devices Market Analysis => Healthcare / Medical Devices (high)
68486, Chemotherapy Induced Anemia Market Analysis => Healthcare / Pharmaceuticals (high)
68485, Cervical Cancer Treatment Market Analysis => Healthcare / Pharmaceuticals (high)
68484, Bird Flu Treatment Market Analysis => Healthcare / Pharmaceuticals (high)
68483, Amyloidosis Treatment Market Analysis => Healthcare / Pharmaceuticals (high)
68482, Acne Drugs Analysis Market Analysis => Healthcare / Pharmaceuticals (high)
68481, Multiple Sclerosis Therapeutics Market Analysis => Healthcare / Pharmaceuticals (high)
68480, Herbal Supplements Market Analysis => Healthcare / Pharmaceuticals (medium)
68479, ADME Toxicology Testing Market Analysis => Healthcare / Pharmaceuticals (high)
68478, Mouth Ulcers Treatment Market Analysis => Healthcare / Pharmaceuticals (high)
68477, Aminoglycosides Market Analysis => Healthcare / Pharmaceuticals (high)
68476, Biological Implants Analysis Market Analysis => Healthcare / Medical Devices (high)
68475, Biosimilars Market Analysis => Healthcare / Pharmaceuticals (high)
68474, Cancer Immunotherapy Market Analysis => Healthcare / Biotechnology (high)
68472, Industrial Enzymes Analysis Market Analysis => Healthcare / Biotechnology (high)
68468, Ankylosing Spondylitis Market Analysis => Healthcare / Pharmaceuticals (high)
68467, Sickle Cell Disease Treatment Market Analysis => Healthcare / Pharmaceuticals (high)
68466, Attention Deficit Hyperactivity Disorder Market Analysis Report 2020-2030. => Healthcare / Pharmaceuticals (high)
68465, Eye Health Supplements Market Analysis => Healthcare / Pharmaceuticals (high)
68464, Germany And Netherlands Medical Marijuana Market Analysis => Healthcare / Pharmaceuticals (high)
68463, Germany Pharmaceuticals Market Analysis => Healthcare / Pharmaceuticals (high)
68462, Hyaluronidase Market Analysis => Healthcare / Pharmaceuticals (high)
68461, Inhalation Anesthesia Market Analysis => Healthcare / Pharmaceuticals (high)
68460, Liver Health Supplements Market Analysis => Healthcare / Pharmaceuticals (high)
68459, Metabolic Disorder Therapeutics Market Analysis => Healthcare / Pharmaceuticals (high)
68458, Myasthenia Gravis Treatment Market Analysis => Healthcare / Pharmaceuticals (high)
68457, Pharmaceutical Contract Packaging Market Analysis Report 2020-2030. => Healthcare / Pharmaceuticals (high)
68456, Neglected Tropical Disease Treatment Market Analysis Report 2030. => Healthcare / Pharmaceuticals (high)
68455, Non-opioid Pain Patches Market Analysis => Healthcare / Pharmaceuticals (high)
68454, Uveitis Treatment Market Analysis => Healthcare / Pharmaceuticals (high)
68453, Biodefense Market Analysis => Healthcare / Biotechnology (high)
68452, Amyotrophic Lateral Sclerosis Treatment Analysis Report 2030. Market Analysis => Healthcare / Pharmaceuticals (high)
68451, Mineral Supplements Analysis Market Analysis => Healthcare / Pharmaceuticals (high)
68450, Heparin Market Analysis => Healthcare / Pharmaceuticals (high)
68449, Gastrointestinal Therapeutics Market Analysis => Healthcare / Pharmaceuticals (high)
68448, Biofuel Enzymes Market Analysis => Healthcare / Biotechnology (high)
68447, Human Growth Hormone Market Analysis => Healthcare / Pharmaceuticals (high)
68446, Nuclear Medicine Market Analysis => Healthcare / Diagnostics (high)
68445, Antibiotics Market Analysis => Healthcare / Pharmaceuticals (high)
68443, Hemophilia Market Analysis => Healthcare / Pharmaceuticals (high)
68442, Systemic Scleroderma Treatment Market Analysis => Healthcare / Pharmaceuticals (high)
68441, Castrate-resistant Prostate Cancer Analysis Report 2020-2030. Market Analysis => Healthcare / Pharmaceuticals (high)
68440, Allergy Immunotherapy Market Analysis => Healthcare / Pharmaceuticals (high)
68438, Cannabis Pharmaceuticals Market Analysis => Healthcare / Pharmaceuticals (high)
68437, Women Health & Beauty Supplements Market Analysis Report 2030. => Healthcare / Pharmaceuticals (medium)
68436, Enzymes Market Analysis => Healthcare / Biotechnology (high)
68435, Biologics Market Analysis => Healthcare / Biotechnology (high)
68434, Botulinum Toxin Analysis Market Analysis => Healthcare / Pharmaceuticals (high)
68433, Ophthalmic Drugs Market Analysis => Healthcare / Pharmaceuticals (high)
68432, GLP-1 Receptor Agonist Market Analysis => Healthcare / Pharmaceuticals (high)
68430, CBD Consumer Health Market Analysis => Healthcare / Pharmaceuticals (high)
68429, Bromelain Market Analysis => Healthcare / Pharmaceuticals (high)
68428, Burn Ointment Analysis Market Analysis => Healthcare / Pharmaceuticals (high)
68426, Americas Enzymes Market Analysis => Healthcare / Biotechnology (high)
68425, Active Pharmaceutical Ingredients Market Analysis => Healthcare / Pharmaceuticals (high)
68424, Platelet Rich Plasma Market Analysis => Healthcare / Medical Devices (high)
68423, Enzyme Replacement Therapy Market Analysis => Healthcare / Pharmaceuticals (high)
